<?xml version="1.0" encoding="UTF-8"?>
<!-- Generated by org.testng.reporters.JUnitXMLReporter -->
<testsuite hostname="rojalins7" name="Flipkart test" tests="5" failures="0" timestamp="12 Jan 2017 12:32:26 GMT" time="0.103" errors="0">
  <testcase name="navigateToWomenSection" time="0.007" classname="SeeleniumTest.Test1"/>
  <testcase name="searchWKurta" time="0.001" classname="SeeleniumTest.Test2"/>
  <testcase name="navigateToElectronicSection" time="0.001" classname="SeeleniumTest.Test1"/>
  <testcase name="FilterByDiscount" time="0.002" classname="SeeleniumTest.Test2"/>
  <testcase name="FilterByPrice" time="0.002" classname="SeeleniumTest.Test2"/>
</testsuite> <!-- Flipkart test -->
