<?xml version="1.0" encoding="UTF-8"?>
<!-- Generated by org.testng.reporters.JUnitXMLReporter -->
<testsuite hostname="rojalins7" name="Default test" tests="3" failures="0" timestamp="20 Feb 2017 15:54:27 GMT" time="0.101" errors="0">
  <testcase name="navigateToElectronicSection" time="0.01" classname="SeeleniumTest.GroupTests"/>
  <testcase name="navigateToWomenSection" time="0.0" classname="SeeleniumTest.GroupTests"/>
  <testcase name="testcase" time="0.0" classname="SeeleniumTest.GroupTests"/>
</testsuite> <!-- Default test -->
